[   12781ms] [ERROR] Failed to load resource: the server responded with a status of 500 (Internal Server Error) @ http://localhost:3001/admin/imagens:0
[   13453ms] Error: Module not found: Can't resolve 'fs'
> 1 | import { promises as fs } from 'fs'
    | ^
  2 | import path from 'path'
  3 |
  4 | const UPLOADS_DIR = path.join(process.cwd(), 'public', 'uploads')

https://nextjs.org/docs/messages/module-not-found

Import trace for requested module:
./src/components/admin/ImageUploader.tsx
./src/app/admin/imagens/page.tsx
    at <unknown> (https://nextjs.org/docs/messages/module-not-found)
    at getNotFoundError (file://C:\Users\mmnap\Desktop\Projeto site regallos\node_modules\next\dist\build\webpack\plugins\wellknown-errors-plugin\parseNotFoundError.js:140:16)
    at async getModuleBuildError (file://C:\Users\mmnap\Desktop\Projeto site regallos\node_modules\next\dist\build\webpack\plugins\wellknown-errors-plugin\webpackModuleError.js:103:27)
    at async (file://C:\Users\mmnap\Desktop\Projeto site regallos\node_modules\next\dist\build\webpack\plugins\wellknown-errors-plugin\index.js:29:49)
    at async (file://C:\Users\mmnap\Desktop\Projeto site regallos\node_modules\next\dist\build\webpack\plugins\wellknown-errors-plugin\index.js:27:21)
[   13443ms] [ERROR] ./src/lib/upload.ts:1:1
Module not found: Can't resolve 'fs'
> 1 | import { promises as fs } from 'fs'
    | ^
  2 | import path from 'path'
  3 |
  4 | const UPLOADS_DIR = path.join(process.cwd(), 'public', 'uploads')

https://nextjs.org/docs/messages/module-not-found

Import trace for requested module:
./src/components/admin/ImageUploader.tsx
./src/app/admin/imagens/page.tsx @ webpack-internal:///(pages-dir-browser)/./node_modules/next/dist/next-devtools/userspace/pages/pages-dev-overlay-setup.js:76
[   13498ms] [ERROR] Failed to load resource: the server responded with a status of 404 (Not Found) @ http://localhost:3001/favicon.ico:0
[   29523ms] [ERROR] Failed to load resource: the server responded with a status of 404 (Not Found) @ http://localhost:3001/_next/static/webpack/dcf38f227b044d26.webpack.hot-update.json:0
[   29524ms] [WARNING] [Fast Refresh] performing full reload because your application had an unrecoverable error @ webpack-internal:///(pages-dir-browser)/./node_modules/next/dist/client/dev/hot-reloader/pages/hot-reloader-pages.js:347
[   34004ms] [ERROR] Failed to load resource: the server responded with a status of 404 (Not Found) @ http://localhost:3001/_next/static/webpack/dcf38f227b044d26.webpack.hot-update.json:0
[   34004ms] [WARNING] [Fast Refresh] performing full reload because your application had an unrecoverable error @ webpack-internal:///(pages-dir-browser)/./node_modules/next/dist/client/dev/hot-reloader/pages/hot-reloader-pages.js:347
[   37143ms] [ERROR] Failed to load resource: the server responded with a status of 404 (Not Found) @ http://localhost:3001/_next/static/webpack/dcf38f227b044d26.webpack.hot-update.json:0
[   37144ms] [WARNING] [Fast Refresh] performing full reload because your application had an unrecoverable error @ webpack-internal:///(pages-dir-browser)/./node_modules/next/dist/client/dev/hot-reloader/pages/hot-reloader-pages.js:347
